F:\CEN133-SOFTWARE ENGINEER\BONUS PAYMENT\BONUS PAYMENT\DEBUG\BONUSPAYMENT.OBJ
F:\CEN133-SOFTWARE ENGINEER\BONUS PAYMENT\BONUS PAYMENT\DEBUG\VC100.PDB
F:\CEN133-SOFTWARE ENGINEER\PROJECTS\BONUS PAYMENT\BONUS PAYMENT\DEBUG\BONUSPAYMENT.OBJ
F:\CEN133-SOFTWARE ENGINEER\PROJECTS\BONUS PAYMENT\BONUS PAYMENT\DEBUG\VC100.PDB
F:\CEN133-SOFTWARE ENGINEER\BONUS PAYMENT\DEBUG\BONUS PAYMENT.ILK
F:\CEN133-SOFTWARE ENGINEER\BONUS PAYMENT\DEBUG\BONUS PAYMENT.EXE
F:\CEN133-SOFTWARE ENGINEER\BONUS PAYMENT\BONUS PAYMENT\DEBUG\BONUS PAYMENT.EXE.INTERMEDIATE.MANIFEST
F:\CEN133-SOFTWARE ENGINEER\BONUS PAYMENT\DEBUG\BONUS PAYMENT.PDB
F:\CEN133-SOFTWARE ENGINEER\PROJECTS\BONUS PAYMENT\DEBUG\BONUS PAYMENT.ILK
F:\CEN133-SOFTWARE ENGINEER\PROJECTS\BONUS PAYMENT\DEBUG\BONUS PAYMENT.EXE
F:\CEN133-SOFTWARE ENGINEER\PROJECTS\BONUS PAYMENT\BONUS PAYMENT\DEBUG\BONUS PAYMENT.EXE.INTERMEDIATE.MANIFEST
F:\CEN133-SOFTWARE ENGINEER\PROJECTS\BONUS PAYMENT\DEBUG\BONUS PAYMENT.PDB
F:\CEN133-SOFTWARE ENGINEER\BONUS PAYMENT\BONUS PAYMENT\DEBUG\BONUS PAYMENT.EXE.EMBED.MANIFEST
F:\CEN133-SOFTWARE ENGINEER\BONUS PAYMENT\BONUS PAYMENT\DEBUG\BONUS PAYMENT.EXE.EMBED.MANIFEST.RES
F:\CEN133-SOFTWARE ENGINEER\PROJECTS\BONUS PAYMENT\BONUS PAYMENT\DEBUG\BONUS PAYMENT.EXE.EMBED.MANIFEST.RES
F:\CEN133-SOFTWARE ENGINEER\PROJECTS\BONUS PAYMENT\BONUS PAYMENT\Debug\BONUS PAYMENT.vcxprojResolveAssemblyReference.cache
F:\CEN133-SOFTWARE ENGINEER\PROJECTS\BONUS PAYMENT\BONUS PAYMENT\Debug\BonusPayment.obj
F:\CEN133-SOFTWARE ENGINEER\PROJECTS\BONUS PAYMENT\BONUS PAYMENT\Debug\BONUS PAYMENT.write.1.tlog
F:\CEN133-SOFTWARE ENGINEER\PROJECTS\BONUS PAYMENT\BONUS PAYMENT\Debug\cl.command.1.tlog
F:\CEN133-SOFTWARE ENGINEER\PROJECTS\BONUS PAYMENT\BONUS PAYMENT\Debug\CL.read.1.tlog
F:\CEN133-SOFTWARE ENGINEER\PROJECTS\BONUS PAYMENT\BONUS PAYMENT\Debug\CL.write.1.tlog
F:\CEN133-SOFTWARE ENGINEER\PROJECTS\BONUS PAYMENT\BONUS PAYMENT\Debug\link-cvtres.read.1.tlog
F:\CEN133-SOFTWARE ENGINEER\PROJECTS\BONUS PAYMENT\BONUS PAYMENT\Debug\link-cvtres.write.1.tlog
F:\CEN133-SOFTWARE ENGINEER\PROJECTS\BONUS PAYMENT\BONUS PAYMENT\Debug\link.2184-cvtres.read.1.tlog
F:\CEN133-SOFTWARE ENGINEER\PROJECTS\BONUS PAYMENT\BONUS PAYMENT\Debug\link.2184-cvtres.write.1.tlog
F:\CEN133-SOFTWARE ENGINEER\PROJECTS\BONUS PAYMENT\BONUS PAYMENT\Debug\link.2184.read.1.tlog
F:\CEN133-SOFTWARE ENGINEER\PROJECTS\BONUS PAYMENT\BONUS PAYMENT\Debug\link.2184.write.1.tlog
F:\CEN133-SOFTWARE ENGINEER\PROJECTS\BONUS PAYMENT\BONUS PAYMENT\Debug\link.2408-cvtres.read.1.tlog
F:\CEN133-SOFTWARE ENGINEER\PROJECTS\BONUS PAYMENT\BONUS PAYMENT\Debug\link.2408-cvtres.write.1.tlog
F:\CEN133-SOFTWARE ENGINEER\PROJECTS\BONUS PAYMENT\BONUS PAYMENT\Debug\link.2408.read.1.tlog
F:\CEN133-SOFTWARE ENGINEER\PROJECTS\BONUS PAYMENT\BONUS PAYMENT\Debug\link.2408.write.1.tlog
F:\CEN133-SOFTWARE ENGINEER\PROJECTS\BONUS PAYMENT\BONUS PAYMENT\Debug\link.command.1.tlog
F:\CEN133-SOFTWARE ENGINEER\PROJECTS\BONUS PAYMENT\BONUS PAYMENT\Debug\link.read.1.tlog
F:\CEN133-SOFTWARE ENGINEER\PROJECTS\BONUS PAYMENT\BONUS PAYMENT\Debug\link.write.1.tlog
F:\CEN133-SOFTWARE ENGINEER\PROJECTS\BONUS PAYMENT\BONUS PAYMENT\Debug\mt.command.1.tlog
F:\CEN133-SOFTWARE ENGINEER\PROJECTS\BONUS PAYMENT\BONUS PAYMENT\Debug\mt.read.1.tlog
F:\CEN133-SOFTWARE ENGINEER\PROJECTS\BONUS PAYMENT\BONUS PAYMENT\Debug\mt.write.1.tlog
F:\CEN133-SOFTWARE ENGINEER\PROJECTS\BONUS PAYMENT\BONUS PAYMENT\Debug\rc.command.1.tlog
F:\CEN133-SOFTWARE ENGINEER\PROJECTS\BONUS PAYMENT\BONUS PAYMENT\Debug\rc.read.1.tlog
F:\CEN133-SOFTWARE ENGINEER\PROJECTS\BONUS PAYMENT\BONUS PAYMENT\Debug\rc.write.1.tlog
F:\CEN133-SOFTWARE ENGINEER\PROJECTS\BONUS PAYMENT\BONUS PAYMENT\Debug\BONUS PAYMENT.exe.embed.manifest
F:\CEN133-SOFTWARE ENGINEER\PROJECTS\BONUS PAYMENT\BONUS PAYMENT\Debug\BONUS PAYMENT.exe.intermediate.manifest
F:\CEN133-SOFTWARE ENGINEER\PROJECTS\BONUS PAYMENT\BONUS PAYMENT\Debug\BONUS PAYMENT.exe.embed.manifest.res
F:\CEN133-SOFTWARE ENGINEER\PROJECTS\BONUS PAYMENT\BONUS PAYMENT\Debug\vc100.idb
F:\CEN133-SOFTWARE ENGINEER\PROJECTS\BONUS PAYMENT\BONUS PAYMENT\Debug\vc100.pdb
F:\CEN133-SOFTWARE ENGINEER\PROJECTS\BONUS PAYMENT\BONUS PAYMENT\Debug\BONUS PAYMENT_manifest.rc
F:\CEN133-SOFTWARE ENGINEER\PROJECTS\BONUS PAYMENT\Debug\BONUS PAYMENT.pdb
F:\CEN133-SOFTWARE ENGINEER\PROJECTS\BONUS PAYMENT\Debug\BONUS PAYMENT.exe
F:\CEN133-SOFTWARE ENGINEER\PROJECTS\BONUS PAYMENT\Debug\BONUS PAYMENT.ilk
